<?xml version="1.0" encoding="UTF-8"?>
<testsuites>
  <testsuite name="" tests="14" assertions="5" errors="6" warnings="0" failures="0" skipped="5" time="0.030643">
    <testsuite name="Unit Tests" tests="6" assertions="0" errors="6" warnings="0" failures="0" skipped="0" time="0.017910">
      <testsuite name="Ksfraser\Shipping\Tests\ShippingCalculatorTest" file="/home/kevin/Documents/ksf_Shipping_Core/tests/ShippingCalculatorTest.php" tests="6" assertions="0" errors="6" warnings="0" failures="0" skipped="0" time="0.017910">
        <testcase name="testRegisterAndCalculateFlatRate" class="Ksfraser\Shipping\Tests\ShippingCalculatorTest" classname="Ksfraser.Shipping.Tests.ShippingCalculatorTest" file="/home/kevin/Documents/ksf_Shipping_Core/tests/ShippingCalculatorTest.php" line="17" assertions="0" time="0.013629">
          <error type="Error">Ksfraser\Shipping\Tests\ShippingCalculatorTest::testRegisterAndCalculateFlatRate
Error: Class "Ksfraser\Shipping\FlatRateMethod" not found

/home/kevin/Documents/ksf_Shipping_Core/tests/ShippingCalculatorTest.php:18</error>
        </testcase>
        <testcase name="testFreeShippingThreshold" class="Ksfraser\Shipping\Tests\ShippingCalculatorTest" classname="Ksfraser.Shipping.Tests.ShippingCalculatorTest" file="/home/kevin/Documents/ksf_Shipping_Core/tests/ShippingCalculatorTest.php" line="40" assertions="0" time="0.000900">
          <error type="Error">Ksfraser\Shipping\Tests\ShippingCalculatorTest::testFreeShippingThreshold
Error: Class "Ksfraser\Shipping\FreeShippingMethod" not found

/home/kevin/Documents/ksf_Shipping_Core/tests/ShippingCalculatorTest.php:41</error>
        </testcase>
        <testcase name="testDestinationValidation" class="Ksfraser\Shipping\Tests\ShippingCalculatorTest" classname="Ksfraser.Shipping.Tests.ShippingCalculatorTest" file="/home/kevin/Documents/ksf_Shipping_Core/tests/ShippingCalculatorTest.php" line="65" assertions="0" time="0.000805">
          <error type="Error">Ksfraser\Shipping\Tests\ShippingCalculatorTest::testDestinationValidation
Error: Class "Ksfraser\Shipping\FlatRateMethod" not found

/home/kevin/Documents/ksf_Shipping_Core/tests/ShippingCalculatorTest.php:66</error>
        </testcase>
        <testcase name="testPostalCodeWildcard" class="Ksfraser\Shipping\Tests\ShippingCalculatorTest" classname="Ksfraser.Shipping.Tests.ShippingCalculatorTest" file="/home/kevin/Documents/ksf_Shipping_Core/tests/ShippingCalculatorTest.php" line="90" assertions="0" time="0.000821">
          <error type="Error">Ksfraser\Shipping\Tests\ShippingCalculatorTest::testPostalCodeWildcard
Error: Class "Ksfraser\Shipping\FlatRateMethod" not found

/home/kevin/Documents/ksf_Shipping_Core/tests/ShippingCalculatorTest.php:91</error>
        </testcase>
        <testcase name="testCheapestRate" class="Ksfraser\Shipping\Tests\ShippingCalculatorTest" classname="Ksfraser.Shipping.Tests.ShippingCalculatorTest" file="/home/kevin/Documents/ksf_Shipping_Core/tests/ShippingCalculatorTest.php" line="116" assertions="0" time="0.000847">
          <error type="Error">Ksfraser\Shipping\Tests\ShippingCalculatorTest::testCheapestRate
Error: Class "Ksfraser\Shipping\FlatRateMethod" not found

/home/kevin/Documents/ksf_Shipping_Core/tests/ShippingCalculatorTest.php:117</error>
        </testcase>
        <testcase name="testDisabledMethodNotReturned" class="Ksfraser\Shipping\Tests\ShippingCalculatorTest" classname="Ksfraser.Shipping.Tests.ShippingCalculatorTest" file="/home/kevin/Documents/ksf_Shipping_Core/tests/ShippingCalculatorTest.php" line="130" assertions="0" time="0.000908">
          <error type="Error">Ksfraser\Shipping\Tests\ShippingCalculatorTest::testDisabledMethodNotReturned
Error: Class "Ksfraser\Shipping\FlatRateMethod" not found

/home/kevin/Documents/ksf_Shipping_Core/tests/ShippingCalculatorTest.php:131</error>
        </testcase>
      </testsuite>
    </testsuite>
    <testsuite name="Integration Tests" tests="8" assertions="5" errors="0" warnings="0" failures="0" skipped="5" time="0.012732">
      <testsuite name="Ksfraser\Shipping\Tests\CanadaPostIntegrationTest" file="/home/kevin/Documents/ksf_Shipping_Core/tests/CanadaPostIntegrationTest.php" tests="4" assertions="3" errors="0" warnings="0" failures="0" skipped="2" time="0.007734">
        <testcase name="testCanadaPostGetRatesFromLiveAPI" class="Ksfraser\Shipping\Tests\CanadaPostIntegrationTest" classname="Ksfraser.Shipping.Tests.CanadaPostIntegrationTest" file="/home/kevin/Documents/ksf_Shipping_Core/tests/CanadaPostIntegrationTest.php" line="41" assertions="0" time="0.002364">
          <skipped/>
        </testcase>
        <testcase name="testCanadaPostInvalidPostalCodeReturnsEmpty" class="Ksfraser\Shipping\Tests\CanadaPostIntegrationTest" classname="Ksfraser.Shipping.Tests.CanadaPostIntegrationTest" file="/home/kevin/Documents/ksf_Shipping_Core/tests/CanadaPostIntegrationTest.php" line="104" assertions="0" time="0.000989">
          <skipped/>
        </testcase>
        <testcase name="testCanadaPostConfigValidation" class="Ksfraser\Shipping\Tests\CanadaPostIntegrationTest" classname="Ksfraser.Shipping.Tests.CanadaPostIntegrationTest" file="/home/kevin/Documents/ksf_Shipping_Core/tests/CanadaPostIntegrationTest.php" line="134" assertions="2" time="0.004212"/>
        <testcase name="testCanadaPostSupportsGuestQuotes" class="Ksfraser\Shipping\Tests\CanadaPostIntegrationTest" classname="Ksfraser.Shipping.Tests.CanadaPostIntegrationTest" file="/home/kevin/Documents/ksf_Shipping_Core/tests/CanadaPostIntegrationTest.php" line="147" assertions="1" time="0.000169"/>
      </testsuite>
      <testsuite name="Ksfraser\Shipping\Tests\UPS_IntegrationTest" file="/home/kevin/Documents/ksf_Shipping_Core/tests/UPS_IntegrationTest.php" tests="2" assertions="2" errors="0" warnings="0" failures="0" skipped="1" time="0.003146">
        <testcase name="testUPS_GetRatesFromAPI" class="Ksfraser\Shipping\Tests\UPS_IntegrationTest" classname="Ksfraser.Shipping.Tests.UPS_IntegrationTest" file="/home/kevin/Documents/ksf_Shipping_Core/tests/UPS_IntegrationTest.php" line="38" assertions="0" time="0.000959">
          <skipped/>
        </testcase>
        <testcase name="testUPS_ConfigValidation" class="Ksfraser\Shipping\Tests\UPS_IntegrationTest" classname="Ksfraser.Shipping.Tests.UPS_IntegrationTest" file="/home/kevin/Documents/ksf_Shipping_Core/tests/UPS_IntegrationTest.php" line="90" assertions="2" time="0.002186"/>
      </testsuite>
      <testsuite name="Ksfraser\Shipping\Tests\EndToEndIntegrationTest" file="/home/kevin/Documents/ksf_Shipping_Core/tests/EndToEndIntegrationTest.php" tests="2" assertions="0" errors="0" warnings="0" failures="0" skipped="2" time="0.001853">
        <testcase name="testCalculatorWithCanadaPost" class="Ksfraser\Shipping\Tests\EndToEndIntegrationTest" classname="Ksfraser.Shipping.Tests.EndToEndIntegrationTest" file="/home/kevin/Documents/ksf_Shipping_Core/tests/EndToEndIntegrationTest.php" line="16" assertions="0" time="0.001003">
          <skipped/>
        </testcase>
        <testcase name="testGetCheapestQuote" class="Ksfraser\Shipping\Tests\EndToEndIntegrationTest" classname="Ksfraser.Shipping.Tests.EndToEndIntegrationTest" file="/home/kevin/Documents/ksf_Shipping_Core/tests/EndToEndIntegrationTest.php" line="74" assertions="0" time="0.000850">
          <skipped/>
        </testcase>
      </testsuite>
    </testsuite>
  </testsuite>
</testsuites>
